<?xml version="1.0" encoding="UTF-8"?>
<!-- Generated by org.testng.reporters.JUnitReportReporter -->
<testsuite hostname="YASH-PC" failures="0" tests="4" name="TC_1_Magento" time="15.375" errors="0" timestamp="19 Aug 2021 07:43:55 GMT" skipped="0">
  <testcase classname="TC_1_Magento" name="launchbrswr" time="14.966"/>
  <testcase classname="TC_1_Magento" name="senddata" time="0.124"/>
  <testcase classname="TC_1_Magento" name="checkele" time="0.092"/>
  <testcase classname="TC_1_Magento" name="checkbox" time="0.193"/>
</testsuite> <!-- TC_1_Magento -->
