<?xml version="1.0" encoding="UTF-8"?>
<!-- Generated by org.testng.reporters.JUnitReportReporter -->
<testsuite hostname="YASH-PC" failures="0" tests="8" name="TestPackage.TC_1_Magento" time="40.758" errors="0" timestamp="19 Aug 2021 13:30:36 GMT" skipped="0">
  <testcase classname="TestPackage.TC_1_Magento" name="launchbrswr" time="11.157"/>
  <testcase classname="TestPackage.TC_1_Magento" name="launchbrswr" time="27.806"/>
  <testcase classname="TestPackage.TC_1_Magento" name="checkele" time="0.183"/>
  <testcase classname="TestPackage.TC_1_Magento" name="checkele" time="0.189"/>
  <testcase classname="TestPackage.TC_1_Magento" name="senddata" time="0.171"/>
  <testcase classname="TestPackage.TC_1_Magento" name="senddata" time="0.872"/>
  <testcase classname="TestPackage.TC_1_Magento" name="checkbox" time="0.269"/>
  <testcase classname="TestPackage.TC_1_Magento" name="checkbox" time="0.111"/>
</testsuite> <!-- TestPackage.TC_1_Magento -->
